<?xml version="1.0" encoding="UTF-8"?>
<!-- Generated by org.testng.reporters.JUnitXMLReporter -->
<testsuite ignored="0" hostname="DESKTOP-QLLOF3M" failures="0" tests="2" name="Error Validation Test" time="9.131" errors="0" timestamp="2025-07-04T09:51:59 CEST">
  <testcase classname="seleniumFramework.Tests.ErrorValidationTest" name="ProductErrorValidation" time="2.45"/>
  <testcase classname="seleniumFramework.Tests.ErrorValidationTest" name="loginErrorValidation" time="0.373"/>
</testsuite> <!-- Error Validation Test -->
