<?xml version="1.0" encoding="UTF-8"?>
<!-- Generated by org.testng.reporters.JUnitXMLReporter -->
<testsuite ignored="0" hostname="DESKTOP-QLLOF3M" failures="0" tests="4" name="Submit Order Test" time="19.998" errors="0" timestamp="2025-07-04T09:52:10 CEST">
  <testcase classname="seleniumFramework.Tests.SubmitOrderTest" name="submitOrder" time="3.12"/>
  <testcase classname="seleniumFramework.Tests.SubmitOrderTest" name="submitOrder" time="3.12"/>
  <testcase classname="seleniumFramework.Tests.SubmitOrderTest" name="orderHistoryTest" time="0.605"/>
  <testcase classname="seleniumFramework.Tests.SubmitOrderTest" name="orderHistoryTest" time="0.648"/>
</testsuite> <!-- Submit Order Test -->
