<?xml version="1.0" encoding="UTF-8"?>
<!-- Generated by org.testng.reporters.JUnitXMLReporter -->
<testsuite ignored="0" hostname="DESKTOP-QLLOF3M" failures="0" tests="2" name="Error Validation Test" time="10.876" errors="0" timestamp="2025-07-13T13:42:05 CEST">
  <testcase classname="seleniumFramework.Tests.ErrorValidationTest" name="ProductErrorValidation" time="2.541"/>
  <testcase classname="seleniumFramework.Tests.ErrorValidationTest" name="loginErrorValidation" time="0.873"/>
</testsuite> <!-- Error Validation Test -->
