<?xml version="1.0" encoding="UTF-8"?>
<!-- Generated by org.testng.reporters.JUnitXMLReporter -->
<testsuite ignored="0" hostname="DESKTOP-QLLOF3M" failures="0" tests="4" name="Submit Order Test" time="21.41" errors="0" timestamp="2025-07-13T13:42:15 CEST">
  <testcase classname="seleniumFramework.Tests.SubmitOrderTest" name="submitOrder" time="3.096"/>
  <testcase classname="seleniumFramework.Tests.SubmitOrderTest" name="submitOrder" time="3.026"/>
  <testcase classname="seleniumFramework.Tests.SubmitOrderTest" name="orderHistoryTest" time="0.603"/>
  <testcase classname="seleniumFramework.Tests.SubmitOrderTest" name="orderHistoryTest" time="0.588"/>
</testsuite> <!-- Submit Order Test -->
