<?xml version="1.0" encoding="UTF-8"?>
<testng-results ignored="0" total="6" passed="6" failed="0" skipped="0">
  <reporter-output>
  </reporter-output>
  <suite started-at="2025-07-13T13:41:54 CEST" name="Suite" finished-at="2025-07-13T13:42:15 CEST" duration-ms="21410">
    <groups>
      <group name="ErrorHandling">
        <method signature="ErrorValidationTest.loginErrorValidation()[pri:0, instance:seleniumFramework.Tests.ErrorValidationTest@2767e23c]" name="loginErrorValidation" class="seleniumFramework.Tests.ErrorValidationTest"/>
      </group> <!-- ErrorHandling -->
      <group name="purchase">
        <method signature="SubmitOrderTest.submitOrder(java.util.HashMap)[pri:0, instance:seleniumFramework.Tests.SubmitOrderTest@6c1a5b54]" name="submitOrder" class="seleniumFramework.Tests.SubmitOrderTest"/>
        <method signature="SubmitOrderTest.orderHistoryTest(java.util.HashMap)[pri:0, instance:seleniumFramework.Tests.SubmitOrderTest@6c1a5b54]" name="orderHistoryTest" class="seleniumFramework.Tests.SubmitOrderTest"/>
      </group> <!-- purchase -->
    </groups>
    <test started-at="2025-07-13T13:41:54 CEST" name="Error Validation Test" finished-at="2025-07-13T13:42:05 CEST" duration-ms="10876">
      <class name="seleniumFramework.Tests.ErrorValidationTest">
        <test-method is-config="true" signature="launchApplication()[pri:0, instance:seleniumFramework.Tests.ErrorValidationTest@2767e23c]" started-at="2025-07-13T13:41:54 CEST" name="launchApplication" finished-at="2025-07-13T13:41:58 CEST" duration-ms="4245" status="PASS">
          <reporter-output>
          </reporter-output>
        </test-method> <!-- launchApplication -->
        <test-method signature="ProductErrorValidation()[pri:0, instance:seleniumFramework.Tests.ErrorValidationTest@2767e23c]" started-at="2025-07-13T13:41:58 CEST" name="ProductErrorValidation" finished-at="2025-07-13T13:42:01 CEST" duration-ms="2541" status="PASS">
          <reporter-output>
          </reporter-output>
        </test-method> <!-- ProductErrorValidation -->
        <test-method is-config="true" signature="tearDown()[pri:0, instance:seleniumFramework.Tests.ErrorValidationTest@2767e23c]" started-at="2025-07-13T13:42:01 CEST" name="tearDown" finished-at="2025-07-13T13:42:01 CEST" duration-ms="78" status="PASS">
          <reporter-output>
          </reporter-output>
        </test-method> <!-- tearDown -->
        <test-method is-config="true" signature="launchApplication()[pri:0, instance:seleniumFramework.Tests.ErrorValidationTest@2767e23c]" started-at="2025-07-13T13:42:01 CEST" name="launchApplication" finished-at="2025-07-13T13:42:04 CEST" duration-ms="3028" status="PASS">
          <reporter-output>
          </reporter-output>
        </test-method> <!-- launchApplication -->
        <test-method signature="loginErrorValidation()[pri:0, instance:seleniumFramework.Tests.ErrorValidationTest@2767e23c]" started-at="2025-07-13T13:42:04 CEST" name="loginErrorValidation" finished-at="2025-07-13T13:42:05 CEST" duration-ms="873" status="PASS">
          <reporter-output>
          </reporter-output>
        </test-method> <!-- loginErrorValidation -->
        <test-method is-config="true" signature="tearDown()[pri:0, instance:seleniumFramework.Tests.ErrorValidationTest@2767e23c]" started-at="2025-07-13T13:42:05 CEST" name="tearDown" finished-at="2025-07-13T13:42:05 CEST" duration-ms="87" status="PASS">
          <reporter-output>
          </reporter-output>
        </test-method> <!-- tearDown -->
      </class> <!-- seleniumFramework.Tests.ErrorValidationTest -->
    </test> <!-- Error Validation Test -->
    <test started-at="2025-07-13T13:41:54 CEST" name="Submit Order Test" finished-at="2025-07-13T13:42:15 CEST" duration-ms="21410">
      <class name="seleniumFramework.Tests.SubmitOrderTest">
        <test-method is-config="true" signature="launchApplication()[pri:0, instance:seleniumFramework.Tests.SubmitOrderTest@6c1a5b54]" started-at="2025-07-13T13:41:54 CEST" name="launchApplication" finished-at="2025-07-13T13:41:59 CEST" duration-ms="4911" status="PASS">
          <reporter-output>
          </reporter-output>
        </test-method> <!-- launchApplication -->
        <test-method signature="submitOrder(java.util.HashMap)[pri:0, instance:seleniumFramework.Tests.SubmitOrderTest@6c1a5b54]" started-at="2025-07-13T13:41:59 CEST" name="submitOrder" data-provider="getData" finished-at="2025-07-13T13:42:02 CEST" duration-ms="3096" status="PASS">
          <params>
            <param index="0">
              <value>
                <![CDATA[{password=#wwNL7C8@pv.jLi, product=ZARA COAT 3, email=mmsahr27@gmail.com}]]>
              </value>
            </param>
          </params>
          <reporter-output>
          </reporter-output>
        </test-method> <!-- submitOrder -->
        <test-method is-config="true" signature="tearDown()[pri:0, instance:seleniumFramework.Tests.SubmitOrderTest@6c1a5b54]" started-at="2025-07-13T13:42:02 CEST" name="tearDown" finished-at="2025-07-13T13:42:02 CEST" duration-ms="93" status="PASS">
          <reporter-output>
          </reporter-output>
        </test-method> <!-- tearDown -->
        <test-method is-config="true" signature="launchApplication()[pri:0, instance:seleniumFramework.Tests.SubmitOrderTest@6c1a5b54]" started-at="2025-07-13T13:42:02 CEST" name="launchApplication" finished-at="2025-07-13T13:42:05 CEST" duration-ms="2880" status="PASS">
          <reporter-output>
          </reporter-output>
        </test-method> <!-- launchApplication -->
        <test-method signature="submitOrder(java.util.HashMap)[pri:0, instance:seleniumFramework.Tests.SubmitOrderTest@6c1a5b54]" started-at="2025-07-13T13:42:05 CEST" name="submitOrder" data-provider="getData" finished-at="2025-07-13T13:42:08 CEST" duration-ms="3026" status="PASS">
          <params>
            <param index="0">
              <value>
                <![CDATA[{password=Iamking@000, product=ADIDAS ORIGINAL, email=shetty@gmail.com}]]>
              </value>
            </param>
          </params>
          <reporter-output>
          </reporter-output>
        </test-method> <!-- submitOrder -->
        <test-method is-config="true" signature="tearDown()[pri:0, instance:seleniumFramework.Tests.SubmitOrderTest@6c1a5b54]" started-at="2025-07-13T13:42:08 CEST" name="tearDown" finished-at="2025-07-13T13:42:08 CEST" duration-ms="93" status="PASS">
          <reporter-output>
          </reporter-output>
        </test-method> <!-- tearDown -->
        <test-method is-config="true" signature="launchApplication()[pri:0, instance:seleniumFramework.Tests.SubmitOrderTest@6c1a5b54]" started-at="2025-07-13T13:42:08 CEST" name="launchApplication" finished-at="2025-07-13T13:42:11 CEST" duration-ms="2898" status="PASS">
          <reporter-output>
          </reporter-output>
        </test-method> <!-- launchApplication -->
        <test-method signature="orderHistoryTest(java.util.HashMap)[pri:0, instance:seleniumFramework.Tests.SubmitOrderTest@6c1a5b54]" started-at="2025-07-13T13:42:11 CEST" name="orderHistoryTest" data-provider="getData" finished-at="2025-07-13T13:42:12 CEST" depends-on-methods="seleniumFramework.Tests.SubmitOrderTest.submitOrder" duration-ms="603" status="PASS">
          <params>
            <param index="0">
              <value>
                <![CDATA[{password=#wwNL7C8@pv.jLi, product=ZARA COAT 3, email=mmsahr27@gmail.com}]]>
              </value>
            </param>
          </params>
          <reporter-output>
          </reporter-output>
        </test-method> <!-- orderHistoryTest -->
        <test-method is-config="true" signature="tearDown()[pri:0, instance:seleniumFramework.Tests.SubmitOrderTest@6c1a5b54]" started-at="2025-07-13T13:42:12 CEST" name="tearDown" finished-at="2025-07-13T13:42:12 CEST" duration-ms="96" status="PASS">
          <reporter-output>
          </reporter-output>
        </test-method> <!-- tearDown -->
        <test-method is-config="true" signature="launchApplication()[pri:0, instance:seleniumFramework.Tests.SubmitOrderTest@6c1a5b54]" started-at="2025-07-13T13:42:12 CEST" name="launchApplication" finished-at="2025-07-13T13:42:15 CEST" duration-ms="2891" status="PASS">
          <reporter-output>
          </reporter-output>
        </test-method> <!-- launchApplication -->
        <test-method signature="orderHistoryTest(java.util.HashMap)[pri:0, instance:seleniumFramework.Tests.SubmitOrderTest@6c1a5b54]" started-at="2025-07-13T13:42:15 CEST" name="orderHistoryTest" data-provider="getData" finished-at="2025-07-13T13:42:15 CEST" depends-on-methods="seleniumFramework.Tests.SubmitOrderTest.submitOrder" duration-ms="588" status="PASS">
          <params>
            <param index="0">
              <value>
                <![CDATA[{password=Iamking@000, product=ADIDAS ORIGINAL, email=shetty@gmail.com}]]>
              </value>
            </param>
          </params>
          <reporter-output>
          </reporter-output>
        </test-method> <!-- orderHistoryTest -->
        <test-method is-config="true" signature="tearDown()[pri:0, instance:seleniumFramework.Tests.SubmitOrderTest@6c1a5b54]" started-at="2025-07-13T13:42:15 CEST" name="tearDown" finished-at="2025-07-13T13:42:15 CEST" duration-ms="84" status="PASS">
          <reporter-output>
          </reporter-output>
        </test-method> <!-- tearDown -->
      </class> <!-- seleniumFramework.Tests.SubmitOrderTest -->
    </test> <!-- Submit Order Test -->
  </suite> <!-- Suite -->
</testng-results>
