<?xml version="1.0" encoding="UTF-8"?>
<testng-results ignored="0" total="6" passed="6" failed="0" skipped="0">
  <reporter-output>
  </reporter-output>
  <suite started-at="2025-07-04T09:51:50 CEST" name="Suite" finished-at="2025-07-04T09:52:10 CEST" duration-ms="19998">
    <groups>
      <group name="ErrorHandling">
        <method signature="ErrorValidationTest.loginErrorValidation()[pri:0, instance:seleniumFramework.Tests.ErrorValidationTest@79c7532f]" name="loginErrorValidation" class="seleniumFramework.Tests.ErrorValidationTest"/>
      </group> <!-- ErrorHandling -->
      <group name="purchase">
        <method signature="SubmitOrderTest.submitOrder(java.util.HashMap)[pri:0, instance:seleniumFramework.Tests.SubmitOrderTest@1f010bf0]" name="submitOrder" class="seleniumFramework.Tests.SubmitOrderTest"/>
        <method signature="SubmitOrderTest.orderHistoryTest(java.util.HashMap)[pri:0, instance:seleniumFramework.Tests.SubmitOrderTest@1f010bf0]" name="orderHistoryTest" class="seleniumFramework.Tests.SubmitOrderTest"/>
      </group> <!-- purchase -->
    </groups>
    <test started-at="2025-07-04T09:51:50 CEST" name="Error Validation Test" finished-at="2025-07-04T09:51:59 CEST" duration-ms="9131">
      <class name="seleniumFramework.Tests.ErrorValidationTest">
        <test-method is-config="true" signature="launchApplication()[pri:0, instance:seleniumFramework.Tests.ErrorValidationTest@79c7532f]" started-at="2025-07-04T09:51:50 CEST" name="launchApplication" finished-at="2025-07-04T09:51:53 CEST" duration-ms="3217" status="PASS">
          <reporter-output>
          </reporter-output>
        </test-method> <!-- launchApplication -->
        <test-method signature="ProductErrorValidation()[pri:0, instance:seleniumFramework.Tests.ErrorValidationTest@79c7532f]" started-at="2025-07-04T09:51:53 CEST" name="ProductErrorValidation" finished-at="2025-07-04T09:51:55 CEST" duration-ms="2450" status="PASS">
          <reporter-output>
          </reporter-output>
        </test-method> <!-- ProductErrorValidation -->
        <test-method is-config="true" signature="tearDown()[pri:0, instance:seleniumFramework.Tests.ErrorValidationTest@79c7532f]" started-at="2025-07-04T09:51:55 CEST" name="tearDown" finished-at="2025-07-04T09:51:56 CEST" duration-ms="95" status="PASS">
          <reporter-output>
          </reporter-output>
        </test-method> <!-- tearDown -->
        <test-method is-config="true" signature="launchApplication()[pri:0, instance:seleniumFramework.Tests.ErrorValidationTest@79c7532f]" started-at="2025-07-04T09:51:56 CEST" name="launchApplication" finished-at="2025-07-04T09:51:58 CEST" duration-ms="2895" status="PASS">
          <reporter-output>
          </reporter-output>
        </test-method> <!-- launchApplication -->
        <test-method signature="loginErrorValidation()[pri:0, instance:seleniumFramework.Tests.ErrorValidationTest@79c7532f]" started-at="2025-07-04T09:51:58 CEST" name="loginErrorValidation" finished-at="2025-07-04T09:51:59 CEST" duration-ms="373" status="PASS">
          <reporter-output>
          </reporter-output>
        </test-method> <!-- loginErrorValidation -->
        <test-method is-config="true" signature="tearDown()[pri:0, instance:seleniumFramework.Tests.ErrorValidationTest@79c7532f]" started-at="2025-07-04T09:51:59 CEST" name="tearDown" finished-at="2025-07-04T09:51:59 CEST" duration-ms="74" status="PASS">
          <reporter-output>
          </reporter-output>
        </test-method> <!-- tearDown -->
      </class> <!-- seleniumFramework.Tests.ErrorValidationTest -->
    </test> <!-- Error Validation Test -->
    <test started-at="2025-07-04T09:51:50 CEST" name="Submit Order Test" finished-at="2025-07-04T09:52:10 CEST" duration-ms="19998">
      <class name="seleniumFramework.Tests.SubmitOrderTest">
        <test-method is-config="true" signature="launchApplication()[pri:0, instance:seleniumFramework.Tests.SubmitOrderTest@1f010bf0]" started-at="2025-07-04T09:51:50 CEST" name="launchApplication" finished-at="2025-07-04T09:51:53 CEST" duration-ms="3098" status="PASS">
          <reporter-output>
          </reporter-output>
        </test-method> <!-- launchApplication -->
        <test-method signature="submitOrder(java.util.HashMap)[pri:0, instance:seleniumFramework.Tests.SubmitOrderTest@1f010bf0]" started-at="2025-07-04T09:51:53 CEST" name="submitOrder" data-provider="getData" finished-at="2025-07-04T09:51:56 CEST" duration-ms="3120" status="PASS">
          <params>
            <param index="0">
              <value>
                <![CDATA[{password=#wwNL7C8@pv.jLi, product=ZARA COAT 3, email=mmsahr27@gmail.com}]]>
              </value>
            </param>
          </params>
          <reporter-output>
          </reporter-output>
        </test-method> <!-- submitOrder -->
        <test-method is-config="true" signature="tearDown()[pri:0, instance:seleniumFramework.Tests.SubmitOrderTest@1f010bf0]" started-at="2025-07-04T09:51:56 CEST" name="tearDown" finished-at="2025-07-04T09:51:56 CEST" duration-ms="101" status="PASS">
          <reporter-output>
          </reporter-output>
        </test-method> <!-- tearDown -->
        <test-method is-config="true" signature="launchApplication()[pri:0, instance:seleniumFramework.Tests.SubmitOrderTest@1f010bf0]" started-at="2025-07-04T09:51:56 CEST" name="launchApplication" finished-at="2025-07-04T09:51:59 CEST" duration-ms="2873" status="PASS">
          <reporter-output>
          </reporter-output>
        </test-method> <!-- launchApplication -->
        <test-method signature="submitOrder(java.util.HashMap)[pri:0, instance:seleniumFramework.Tests.SubmitOrderTest@1f010bf0]" started-at="2025-07-04T09:51:59 CEST" name="submitOrder" data-provider="getData" finished-at="2025-07-04T09:52:02 CEST" duration-ms="3120" status="PASS">
          <params>
            <param index="0">
              <value>
                <![CDATA[{password=Iamking@000, product=ADIDAS ORIGINAL, email=shetty@gmail.com}]]>
              </value>
            </param>
          </params>
          <reporter-output>
          </reporter-output>
        </test-method> <!-- submitOrder -->
        <test-method is-config="true" signature="tearDown()[pri:0, instance:seleniumFramework.Tests.SubmitOrderTest@1f010bf0]" started-at="2025-07-04T09:52:02 CEST" name="tearDown" finished-at="2025-07-04T09:52:03 CEST" duration-ms="256" status="PASS">
          <reporter-output>
          </reporter-output>
        </test-method> <!-- tearDown -->
        <test-method is-config="true" signature="launchApplication()[pri:0, instance:seleniumFramework.Tests.SubmitOrderTest@1f010bf0]" started-at="2025-07-04T09:52:03 CEST" name="launchApplication" finished-at="2025-07-04T09:52:05 CEST" duration-ms="2872" status="PASS">
          <reporter-output>
          </reporter-output>
        </test-method> <!-- launchApplication -->
        <test-method signature="orderHistoryTest(java.util.HashMap)[pri:0, instance:seleniumFramework.Tests.SubmitOrderTest@1f010bf0]" started-at="2025-07-04T09:52:05 CEST" name="orderHistoryTest" data-provider="getData" finished-at="2025-07-04T09:52:06 CEST" depends-on-methods="seleniumFramework.Tests.SubmitOrderTest.submitOrder" duration-ms="605" status="PASS">
          <params>
            <param index="0">
              <value>
                <![CDATA[{password=#wwNL7C8@pv.jLi, product=ZARA COAT 3, email=mmsahr27@gmail.com}]]>
              </value>
            </param>
          </params>
          <reporter-output>
          </reporter-output>
        </test-method> <!-- orderHistoryTest -->
        <test-method is-config="true" signature="tearDown()[pri:0, instance:seleniumFramework.Tests.SubmitOrderTest@1f010bf0]" started-at="2025-07-04T09:52:06 CEST" name="tearDown" finished-at="2025-07-04T09:52:06 CEST" duration-ms="185" status="PASS">
          <reporter-output>
          </reporter-output>
        </test-method> <!-- tearDown -->
        <test-method is-config="true" signature="launchApplication()[pri:0, instance:seleniumFramework.Tests.SubmitOrderTest@1f010bf0]" started-at="2025-07-04T09:52:06 CEST" name="launchApplication" finished-at="2025-07-04T09:52:09 CEST" duration-ms="2900" status="PASS">
          <reporter-output>
          </reporter-output>
        </test-method> <!-- launchApplication -->
        <test-method signature="orderHistoryTest(java.util.HashMap)[pri:0, instance:seleniumFramework.Tests.SubmitOrderTest@1f010bf0]" started-at="2025-07-04T09:52:09 CEST" name="orderHistoryTest" data-provider="getData" finished-at="2025-07-04T09:52:10 CEST" depends-on-methods="seleniumFramework.Tests.SubmitOrderTest.submitOrder" duration-ms="648" status="PASS">
          <params>
            <param index="0">
              <value>
                <![CDATA[{password=Iamking@000, product=ADIDAS ORIGINAL, email=shetty@gmail.com}]]>
              </value>
            </param>
          </params>
          <reporter-output>
          </reporter-output>
        </test-method> <!-- orderHistoryTest -->
        <test-method is-config="true" signature="tearDown()[pri:0, instance:seleniumFramework.Tests.SubmitOrderTest@1f010bf0]" started-at="2025-07-04T09:52:10 CEST" name="tearDown" finished-at="2025-07-04T09:52:10 CEST" duration-ms="74" status="PASS">
          <reporter-output>
          </reporter-output>
        </test-method> <!-- tearDown -->
      </class> <!-- seleniumFramework.Tests.SubmitOrderTest -->
    </test> <!-- Submit Order Test -->
  </suite> <!-- Suite -->
</testng-results>
